<?xml version="1.0" encoding="UTF-8"?>
<!-- Generated by org.testng.reporters.JUnitReportReporter -->
<testsuite skipped="1" hostname="INGUEUCLP000666" name="com.pom.testcase.ContactPageTest" tests="1" failures="0" timestamp="14 Jan 2018 11:10:47 GMT" time="0.000" errors="0">
  <testcase name="enterContactDetails" time="0.000" classname="com.pom.testcase.ContactPageTest">
    <skipped/>
  </testcase> <!-- enterContactDetails -->
</testsuite> <!-- com.pom.testcase.ContactPageTest -->
