<?xml version="1.0" encoding="UTF-8"?>
<!-- Generated by org.testng.reporters.JUnitReportReporter -->
<testsuite skipped="1" hostname="INGUEUCLP000666" name="com.pom.testcase.HomePageTest" tests="2" failures="0" timestamp="11 Jan 2018 12:26:41 GMT" time="18.158" errors="0">
  <testcase name="HomePageUserTest" time="18.158" classname="com.pom.testcase.HomePageTest"/>
  <testcase name="ContactsClick" classname="com.pom.testcase.HomePageTest">
    <skipped/>
  </testcase> <!-- ContactsClick -->
</testsuite> <!-- com.pom.testcase.HomePageTest -->
