<?xml version="1.0" encoding="UTF-8"?>
<!-- Generated by org.testng.reporters.JUnitReportReporter -->
<testsuite skipped="0" hostname="INGUEUCLP000666" name="com.pom.testcase.LoginPageTest" tests="3" failures="0" timestamp="14 Jan 2018 13:16:07 GMT" time="42.330" errors="0">
  <testcase name="login" time="20.098" classname="com.pom.testcase.LoginPageTest"/>
  <testcase name="loginTitleTest" time="11.502" classname="com.pom.testcase.LoginPageTest"/>
  <testcase name="crmLogoTest" time="10.730" classname="com.pom.testcase.LoginPageTest"/>
</testsuite> <!-- com.pom.testcase.LoginPageTest -->
